NumMovedCellInst 0
NumRoutes 46
3 4 2 4 4 2 N2
4 4 1 4 4 2 N2
2 4 2 3 4 2 N2
2 4 1 2 4 2 N2
2 5 1 2 5 2 N2
2 5 2 3 5 2 N2
3 5 1 3 5 2 N2
2 4 1 2 5 1 N2
4 3 2 5 3 2 N2
5 3 1 5 3 2 N2
5 2 1 5 3 1 N2
4 3 1 4 3 2 N2
4 3 1 4 4 1 N2
2 2 1 2 2 2 N1
4 1 1 4 1 2 N1
4 4 1 4 4 2 N1
4 2 3 4 3 3 N1
4 3 3 4 4 3 N1
4 4 2 4 4 3 N1
4 1 3 4 2 3 N1
4 1 2 4 1 3 N1
3 1 3 3 2 3 N1
3 2 2 3 2 3 N1
2 2 2 3 2 2 N1
3 1 2 3 1 3 N1
3 1 2 4 1 2 N1
2 5 1 2 5 2 N6
2 5 2 3 5 2 N6
3 5 1 3 5 2 N6
2 4 1 2 5 1 N6
2 2 1 2 3 1 N3
2 3 1 2 4 1 N3
2 2 2 3 2 2 N3
3 2 2 4 2 2 N3
4 2 2 5 2 2 N3
2 2 1 2 2 2 N3
3 2 2 4 2 2 N5
4 2 2 5 2 2 N5
5 2 1 5 2 2 N5
2 2 2 3 2 2 N5
2 2 1 2 2 2 N5
2 1 2 3 1 2 N4
3 1 2 4 1 2 N4
4 1 1 4 1 2 N4
2 1 1 2 1 2 N4
2 1 1 2 2 1 N4
